{"/home/tuckcity/dev/hackReactor/pledges/database/db.js": {"path":"/home/tuckcity/dev/hackReactor/pledges/database/db.js","statementMap":{"0":{"start":{"line":1,"column":33},"end":{"line":1,"column":53}},"1":{"start":{"line":4,"column":18},"end":{"line":7,"column":2}},"2":{"start":{"line":13,"column":16},"end":{"line":25,"column":2}},"3":{"start":{"line":30,"column":21},"end":{"line":59,"column":2}},"4":{"start":{"line":65,"column":16},"end":{"line":96,"column":2}},"5":{"start":{"line":101,"column":21},"end":{"line":120,"column":2}},"6":{"start":{"line":122,"column":0},"end":{"line":122,"column":32}},"7":{"start":{"line":123,"column":0},"end":{"line":123,"column":27}},"8":{"start":{"line":124,"column":0},"end":{"line":124,"column":32}},"9":{"start":{"line":130,"column":27},"end":{"line":148,"column":1}},"10":{"start":{"line":132,"column":2},"end":{"line":147,"column":7}},"11":{"start":{"line":134,"column":6},"end":{"line":134,"column":50}},"12":{"start":{"line":137,"column":6},"end":{"line":137,"column":41}},"13":{"start":{"line":140,"column":6},"end":{"line":140,"column":41}},"14":{"start":{"line":143,"column":6},"end":{"line":143,"column":36}},"15":{"start":{"line":146,"column":6},"end":{"line":146,"column":55}},"16":{"start":{"line":156,"column":23},"end":{"line":165,"column":1}},"17":{"start":{"line":157,"column":2},"end":{"line":164,"column":7}},"18":{"start":{"line":163,"column":6},"end":{"line":163,"column":52}},"19":{"start":{"line":172,"column":30},"end":{"line":182,"column":1}},"20":{"start":{"line":173,"column":2},"end":{"line":181,"column":7}},"21":{"start":{"line":179,"column":6},"end":{"line":179,"column":81}},"22":{"start":{"line":180,"column":6},"end":{"line":180,"column":17}},"23":{"start":{"line":188,"column":30},"end":{"line":198,"column":1}},"24":{"start":{"line":189,"column":2},"end":{"line":197,"column":7}},"25":{"start":{"line":195,"column":6},"end":{"line":195,"column":95}},"26":{"start":{"line":196,"column":6},"end":{"line":196,"column":17}},"27":{"start":{"line":204,"column":36},"end":{"line":214,"column":1}},"28":{"start":{"line":205,"column":2},"end":{"line":213,"column":7}},"29":{"start":{"line":211,"column":6},"end":{"line":211,"column":107}},"30":{"start":{"line":212,"column":6},"end":{"line":212,"column":17}},"31":{"start":{"line":219,"column":23},"end":{"line":224,"column":1}},"32":{"start":{"line":220,"column":2},"end":{"line":223,"column":7}},"33":{"start":{"line":222,"column":6},"end":{"line":222,"column":80}},"34":{"start":{"line":231,"column":19},"end":{"line":237,"column":1}},"35":{"start":{"line":232,"column":2},"end":{"line":236,"column":7}},"36":{"start":{"line":234,"column":6},"end":{"line":234,"column":51}},"37":{"start":{"line":235,"column":6},"end":{"line":235,"column":17}},"38":{"start":{"line":243,"column":23},"end":{"line":249,"column":1}},"39":{"start":{"line":244,"column":2},"end":{"line":248,"column":7}},"40":{"start":{"line":246,"column":6},"end":{"line":246,"column":62}},"41":{"start":{"line":247,"column":6},"end":{"line":247,"column":17}},"42":{"start":{"line":255,"column":19},"end":{"line":261,"column":1}},"43":{"start":{"line":256,"column":2},"end":{"line":260,"column":7}},"44":{"start":{"line":258,"column":6},"end":{"line":258,"column":51}},"45":{"start":{"line":259,"column":6},"end":{"line":259,"column":17}},"46":{"start":{"line":267,"column":29},"end":{"line":273,"column":1}},"47":{"start":{"line":268,"column":2},"end":{"line":272,"column":7}},"48":{"start":{"line":270,"column":6},"end":{"line":270,"column":68}},"49":{"start":{"line":271,"column":6},"end":{"line":271,"column":17}},"50":{"start":{"line":276,"column":0},"end":{"line":282,"column":5}},"51":{"start":{"line":278,"column":4},"end":{"line":278,"column":39}},"52":{"start":{"line":281,"column":4},"end":{"line":281,"column":53}},"53":{"start":{"line":286,"column":0},"end":{"line":295,"column":2}}},"fnMap":{"0":{"name":"(anonymous_0)","decl":{"start":{"line":130,"column":27},"end":{"line":130,"column":28}},"loc":{"start":{"line":130,"column":39},"end":{"line":148,"column":1}},"line":130},"1":{"name":"(anonymous_1)","decl":{"start":{"line":133,"column":11},"end":{"line":133,"column":12}},"loc":{"start":{"line":133,"column":20},"end":{"line":135,"column":5}},"line":133},"2":{"name":"(anonymous_2)","decl":{"start":{"line":136,"column":10},"end":{"line":136,"column":11}},"loc":{"start":{"line":136,"column":16},"end":{"line":138,"column":5}},"line":136},"3":{"name":"(anonymous_3)","decl":{"start":{"line":139,"column":10},"end":{"line":139,"column":11}},"loc":{"start":{"line":139,"column":16},"end":{"line":141,"column":5}},"line":139},"4":{"name":"(anonymous_4)","decl":{"start":{"line":142,"column":10},"end":{"line":142,"column":11}},"loc":{"start":{"line":142,"column":16},"end":{"line":144,"column":5}},"line":142},"5":{"name":"(anonymous_5)","decl":{"start":{"line":145,"column":11},"end":{"line":145,"column":12}},"loc":{"start":{"line":145,"column":20},"end":{"line":147,"column":5}},"line":145},"6":{"name":"(anonymous_6)","decl":{"start":{"line":156,"column":23},"end":{"line":156,"column":24}},"loc":{"start":{"line":156,"column":37},"end":{"line":165,"column":1}},"line":156},"7":{"name":"(anonymous_7)","decl":{"start":{"line":162,"column":11},"end":{"line":162,"column":12}},"loc":{"start":{"line":162,"column":20},"end":{"line":164,"column":5}},"line":162},"8":{"name":"(anonymous_8)","decl":{"start":{"line":172,"column":30},"end":{"line":172,"column":31}},"loc":{"start":{"line":172,"column":44},"end":{"line":182,"column":1}},"line":172},"9":{"name":"(anonymous_9)","decl":{"start":{"line":178,"column":11},"end":{"line":178,"column":12}},"loc":{"start":{"line":178,"column":20},"end":{"line":181,"column":5}},"line":178},"10":{"name":"(anonymous_10)","decl":{"start":{"line":188,"column":30},"end":{"line":188,"column":31}},"loc":{"start":{"line":188,"column":44},"end":{"line":198,"column":1}},"line":188},"11":{"name":"(anonymous_11)","decl":{"start":{"line":194,"column":11},"end":{"line":194,"column":12}},"loc":{"start":{"line":194,"column":20},"end":{"line":197,"column":5}},"line":194},"12":{"name":"(anonymous_12)","decl":{"start":{"line":204,"column":36},"end":{"line":204,"column":37}},"loc":{"start":{"line":204,"column":50},"end":{"line":214,"column":1}},"line":204},"13":{"name":"(anonymous_13)","decl":{"start":{"line":210,"column":11},"end":{"line":210,"column":12}},"loc":{"start":{"line":210,"column":20},"end":{"line":213,"column":5}},"line":210},"14":{"name":"(anonymous_14)","decl":{"start":{"line":219,"column":23},"end":{"line":219,"column":24}},"loc":{"start":{"line":219,"column":35},"end":{"line":224,"column":1}},"line":219},"15":{"name":"(anonymous_15)","decl":{"start":{"line":221,"column":11},"end":{"line":221,"column":12}},"loc":{"start":{"line":221,"column":20},"end":{"line":223,"column":5}},"line":221},"16":{"name":"(anonymous_16)","decl":{"start":{"line":231,"column":19},"end":{"line":231,"column":20}},"loc":{"start":{"line":231,"column":42},"end":{"line":237,"column":1}},"line":231},"17":{"name":"(anonymous_17)","decl":{"start":{"line":233,"column":11},"end":{"line":233,"column":12}},"loc":{"start":{"line":233,"column":20},"end":{"line":236,"column":5}},"line":233},"18":{"name":"(anonymous_18)","decl":{"start":{"line":243,"column":23},"end":{"line":243,"column":24}},"loc":{"start":{"line":243,"column":49},"end":{"line":249,"column":1}},"line":243},"19":{"name":"(anonymous_19)","decl":{"start":{"line":245,"column":11},"end":{"line":245,"column":12}},"loc":{"start":{"line":245,"column":20},"end":{"line":248,"column":5}},"line":245},"20":{"name":"(anonymous_20)","decl":{"start":{"line":255,"column":19},"end":{"line":255,"column":20}},"loc":{"start":{"line":255,"column":42},"end":{"line":261,"column":1}},"line":255},"21":{"name":"(anonymous_21)","decl":{"start":{"line":257,"column":11},"end":{"line":257,"column":12}},"loc":{"start":{"line":257,"column":20},"end":{"line":260,"column":5}},"line":257},"22":{"name":"(anonymous_22)","decl":{"start":{"line":267,"column":29},"end":{"line":267,"column":30}},"loc":{"start":{"line":267,"column":61},"end":{"line":273,"column":1}},"line":267},"23":{"name":"(anonymous_23)","decl":{"start":{"line":269,"column":11},"end":{"line":269,"column":12}},"loc":{"start":{"line":269,"column":20},"end":{"line":272,"column":5}},"line":269},"24":{"name":"(anonymous_24)","decl":{"start":{"line":277,"column":8},"end":{"line":277,"column":9}},"loc":{"start":{"line":277,"column":14},"end":{"line":279,"column":3}},"line":277},"25":{"name":"(anonymous_25)","decl":{"start":{"line":280,"column":9},"end":{"line":280,"column":10}},"loc":{"start":{"line":280,"column":18},"end":{"line":282,"column":3}},"line":280}},"branchMap":{},"s":{"0":1,"1":1,"2":1,"3":1,"4":1,"5":1,"6":1,"7":1,"8":1,"9":1,"10":0,"11":0,"12":0,"13":0,"14":0,"15":0,"16":1,"17":1,"18":0,"19":1,"20":2,"21":0,"22":0,"23":1,"24":2,"25":0,"26":0,"27":1,"28":2,"29":0,"30":0,"31":1,"32":1,"33":0,"34":1,"35":0,"36":0,"37":0,"38":1,"39":0,"40":0,"41":0,"42":1,"43":0,"44":0,"45":0,"46":1,"47":0,"48":0,"49":0,"50":1,"51":1,"52":0,"53":1},"f":{"0":0,"1":0,"2":0,"3":0,"4":0,"5":0,"6":1,"7":0,"8":2,"9":0,"10":2,"11":0,"12":2,"13":0,"14":1,"15":0,"16":0,"17":0,"18":0,"19":0,"20":0,"21":0,"22":0,"23":0,"24":1,"25":0},"b":{},"_coverageSchema":"1a1c01bbd47fc00a2c39e90264f33305004495a9","hash":"5d968ac4699bcff424ed7f53c3def9063f62051d"}
,"/home/tuckcity/dev/hackReactor/pledges/server/example.js": {"path":"/home/tuckcity/dev/hackReactor/pledges/server/example.js","statementMap":{"0":{"start":{"line":2,"column":17},"end":{"line":4,"column":1}},"1":{"start":{"line":3,"column":2},"end":{"line":3,"column":15}},"2":{"start":{"line":6,"column":0},"end":{"line":6,"column":30}}},"fnMap":{"0":{"name":"(anonymous_0)","decl":{"start":{"line":2,"column":17},"end":{"line":2,"column":18}},"loc":{"start":{"line":2,"column":24},"end":{"line":4,"column":1}},"line":2}},"branchMap":{},"s":{"0":1,"1":1,"2":1},"f":{"0":1},"b":{},"_coverageSchema":"1a1c01bbd47fc00a2c39e90264f33305004495a9","hash":"efd6d94274d79f71ea342e5a7fa8f43d90f1c47a"}
,"/home/tuckcity/dev/hackReactor/pledges/server/model.js": {"path":"/home/tuckcity/dev/hackReactor/pledges/server/model.js","statementMap":{"0":{"start":{"line":6,"column":4},"end":{"line":6,"column":32}},"1":{"start":{"line":13,"column":22},"end":{"line":32,"column":1}},"2":{"start":{"line":14,"column":21},"end":{"line":14,"column":23}},"3":{"start":{"line":15,"column":2},"end":{"line":15,"column":40}},"4":{"start":{"line":16,"column":2},"end":{"line":16,"column":47}},"5":{"start":{"line":17,"column":2},"end":{"line":17,"column":47}},"6":{"start":{"line":18,"column":2},"end":{"line":18,"column":53}},"7":{"start":{"line":19,"column":2},"end":{"line":31,"column":7}},"8":{"start":{"line":21,"column":57},"end":{"line":21,"column":60}},"9":{"start":{"line":22,"column":15},"end":{"line":22,"column":28}},"10":{"start":{"line":23,"column":25},"end":{"line":23,"column":48}},"11":{"start":{"line":24,"column":19},"end":{"line":24,"column":72}},"12":{"start":{"line":25,"column":6},"end":{"line":25,"column":41}},"13":{"start":{"line":26,"column":6},"end":{"line":26,"column":20}},"14":{"start":{"line":29,"column":6},"end":{"line":29,"column":55}},"15":{"start":{"line":30,"column":6},"end":{"line":30,"column":17}},"16":{"start":{"line":34,"column":0},"end":{"line":34,"column":35}}},"fnMap":{"0":{"name":"(anonymous_0)","decl":{"start":{"line":13,"column":22},"end":{"line":13,"column":23}},"loc":{"start":{"line":13,"column":30},"end":{"line":32,"column":1}},"line":13},"1":{"name":"(anonymous_1)","decl":{"start":{"line":20,"column":10},"end":{"line":20,"column":11}},"loc":{"start":{"line":20,"column":19},"end":{"line":27,"column":5}},"line":20},"2":{"name":"(anonymous_2)","decl":{"start":{"line":28,"column":11},"end":{"line":28,"column":12}},"loc":{"start":{"line":28,"column":20},"end":{"line":31,"column":5}},"line":28}},"branchMap":{},"s":{"0":1,"1":1,"2":1,"3":1,"4":1,"5":1,"6":1,"7":1,"8":1,"9":1,"10":1,"11":1,"12":1,"13":1,"14":0,"15":0,"16":1},"f":{"0":1,"1":1,"2":0},"b":{},"_coverageSchema":"1a1c01bbd47fc00a2c39e90264f33305004495a9","hash":"c7e791560ff3b5836f9eeab657be8265c9d531dc"}
}
