{"/home/tuckcity/dev/hackReactor/pledges/dbAuth.js": {"path":"/home/tuckcity/dev/hackReactor/pledges/dbAuth.js","statementMap":{"0":{"start":{"line":1,"column":19},"end":{"line":1,"column":27}},"1":{"start":{"line":2,"column":0},"end":{"line":2,"column":32}}},"fnMap":{},"branchMap":{},"s":{"0":1,"1":1},"f":{},"b":{},"_coverageSchema":"1a1c01bbd47fc00a2c39e90264f33305004495a9","hash":"1785cdbec3525a7a870863975e355060625eb98d"}
,"/home/tuckcity/dev/hackReactor/pledges/database/db.js": {"path":"/home/tuckcity/dev/hackReactor/pledges/database/db.js","statementMap":{"0":{"start":{"line":1,"column":33},"end":{"line":1,"column":53}},"1":{"start":{"line":2,"column":23},"end":{"line":2,"column":46}},"2":{"start":{"line":4,"column":18},"end":{"line":7,"column":2}},"3":{"start":{"line":13,"column":16},"end":{"line":25,"column":2}},"4":{"start":{"line":30,"column":21},"end":{"line":59,"column":2}},"5":{"start":{"line":61,"column":0},"end":{"line":61,"column":32}},"6":{"start":{"line":68,"column":27},"end":{"line":79,"column":1}},"7":{"start":{"line":69,"column":2},"end":{"line":78,"column":5}},"8":{"start":{"line":71,"column":4},"end":{"line":71,"column":48}},"9":{"start":{"line":74,"column":4},"end":{"line":74,"column":39}},"10":{"start":{"line":77,"column":4},"end":{"line":77,"column":53}},"11":{"start":{"line":87,"column":30},"end":{"line":97,"column":1}},"12":{"start":{"line":88,"column":2},"end":{"line":96,"column":5}},"13":{"start":{"line":94,"column":4},"end":{"line":94,"column":79}},"14":{"start":{"line":95,"column":4},"end":{"line":95,"column":15}},"15":{"start":{"line":100,"column":23},"end":{"line":105,"column":1}},"16":{"start":{"line":101,"column":2},"end":{"line":104,"column":5}},"17":{"start":{"line":103,"column":4},"end":{"line":103,"column":78}},"18":{"start":{"line":112,"column":19},"end":{"line":118,"column":1}},"19":{"start":{"line":113,"column":2},"end":{"line":117,"column":5}},"20":{"start":{"line":115,"column":4},"end":{"line":115,"column":49}},"21":{"start":{"line":116,"column":4},"end":{"line":116,"column":15}},"22":{"start":{"line":124,"column":23},"end":{"line":130,"column":1}},"23":{"start":{"line":125,"column":2},"end":{"line":129,"column":5}},"24":{"start":{"line":127,"column":4},"end":{"line":127,"column":60}},"25":{"start":{"line":128,"column":4},"end":{"line":128,"column":15}},"26":{"start":{"line":134,"column":0},"end":{"line":140,"column":3}},"27":{"start":{"line":136,"column":2},"end":{"line":136,"column":37}},"28":{"start":{"line":139,"column":2},"end":{"line":139,"column":51}},"29":{"start":{"line":144,"column":0},"end":{"line":150,"column":2}}},"fnMap":{"0":{"name":"(anonymous_0)","decl":{"start":{"line":68,"column":27},"end":{"line":68,"column":28}},"loc":{"start":{"line":68,"column":39},"end":{"line":79,"column":1}},"line":68},"1":{"name":"(anonymous_1)","decl":{"start":{"line":70,"column":9},"end":{"line":70,"column":10}},"loc":{"start":{"line":70,"column":18},"end":{"line":72,"column":3}},"line":70},"2":{"name":"(anonymous_2)","decl":{"start":{"line":73,"column":8},"end":{"line":73,"column":9}},"loc":{"start":{"line":73,"column":14},"end":{"line":75,"column":3}},"line":73},"3":{"name":"(anonymous_3)","decl":{"start":{"line":76,"column":9},"end":{"line":76,"column":10}},"loc":{"start":{"line":76,"column":18},"end":{"line":78,"column":3}},"line":76},"4":{"name":"(anonymous_4)","decl":{"start":{"line":87,"column":30},"end":{"line":87,"column":31}},"loc":{"start":{"line":87,"column":44},"end":{"line":97,"column":1}},"line":87},"5":{"name":"(anonymous_5)","decl":{"start":{"line":93,"column":9},"end":{"line":93,"column":10}},"loc":{"start":{"line":93,"column":18},"end":{"line":96,"column":3}},"line":93},"6":{"name":"(anonymous_6)","decl":{"start":{"line":100,"column":23},"end":{"line":100,"column":24}},"loc":{"start":{"line":100,"column":35},"end":{"line":105,"column":1}},"line":100},"7":{"name":"(anonymous_7)","decl":{"start":{"line":102,"column":9},"end":{"line":102,"column":10}},"loc":{"start":{"line":102,"column":18},"end":{"line":104,"column":3}},"line":102},"8":{"name":"(anonymous_8)","decl":{"start":{"line":112,"column":19},"end":{"line":112,"column":20}},"loc":{"start":{"line":112,"column":42},"end":{"line":118,"column":1}},"line":112},"9":{"name":"(anonymous_9)","decl":{"start":{"line":114,"column":9},"end":{"line":114,"column":10}},"loc":{"start":{"line":114,"column":18},"end":{"line":117,"column":3}},"line":114},"10":{"name":"(anonymous_10)","decl":{"start":{"line":124,"column":23},"end":{"line":124,"column":24}},"loc":{"start":{"line":124,"column":43},"end":{"line":130,"column":1}},"line":124},"11":{"name":"(anonymous_11)","decl":{"start":{"line":126,"column":9},"end":{"line":126,"column":10}},"loc":{"start":{"line":126,"column":18},"end":{"line":129,"column":3}},"line":126},"12":{"name":"(anonymous_12)","decl":{"start":{"line":135,"column":6},"end":{"line":135,"column":7}},"loc":{"start":{"line":135,"column":12},"end":{"line":137,"column":1}},"line":135},"13":{"name":"(anonymous_13)","decl":{"start":{"line":138,"column":7},"end":{"line":138,"column":8}},"loc":{"start":{"line":138,"column":16},"end":{"line":140,"column":1}},"line":138}},"branchMap":{},"s":{"0":1,"1":1,"2":1,"3":1,"4":1,"5":1,"6":1,"7":0,"8":0,"9":0,"10":0,"11":1,"12":2,"13":0,"14":0,"15":1,"16":1,"17":0,"18":1,"19":0,"20":0,"21":0,"22":1,"23":0,"24":0,"25":0,"26":1,"27":1,"28":0,"29":1},"f":{"0":0,"1":0,"2":0,"3":0,"4":2,"5":0,"6":1,"7":0,"8":0,"9":0,"10":0,"11":0,"12":1,"13":0},"b":{},"_coverageSchema":"1a1c01bbd47fc00a2c39e90264f33305004495a9","hash":"3fbe9741a8e95e1bf0968d480b91baf0e2e2646f"}
,"/home/tuckcity/dev/hackReactor/pledges/server/example.js": {"path":"/home/tuckcity/dev/hackReactor/pledges/server/example.js","statementMap":{"0":{"start":{"line":2,"column":17},"end":{"line":4,"column":1}},"1":{"start":{"line":3,"column":2},"end":{"line":3,"column":15}},"2":{"start":{"line":6,"column":0},"end":{"line":6,"column":30}}},"fnMap":{"0":{"name":"(anonymous_0)","decl":{"start":{"line":2,"column":17},"end":{"line":2,"column":18}},"loc":{"start":{"line":2,"column":24},"end":{"line":4,"column":1}},"line":2}},"branchMap":{},"s":{"0":1,"1":1,"2":1},"f":{"0":1},"b":{},"_coverageSchema":"1a1c01bbd47fc00a2c39e90264f33305004495a9","hash":"efd6d94274d79f71ea342e5a7fa8f43d90f1c47a"}
,"/home/tuckcity/dev/hackReactor/pledges/server/model.js": {"path":"/home/tuckcity/dev/hackReactor/pledges/server/model.js","statementMap":{"0":{"start":{"line":1,"column":34},"end":{"line":1,"column":62}},"1":{"start":{"line":8,"column":19},"end":{"line":13,"column":1}},"2":{"start":{"line":9,"column":2},"end":{"line":12,"column":5}},"3":{"start":{"line":11,"column":4},"end":{"line":11,"column":46}},"4":{"start":{"line":16,"column":0},"end":{"line":16,"column":32}}},"fnMap":{"0":{"name":"(anonymous_0)","decl":{"start":{"line":8,"column":19},"end":{"line":8,"column":20}},"loc":{"start":{"line":8,"column":27},"end":{"line":13,"column":1}},"line":8},"1":{"name":"(anonymous_1)","decl":{"start":{"line":10,"column":9},"end":{"line":10,"column":10}},"loc":{"start":{"line":10,"column":18},"end":{"line":12,"column":3}},"line":10}},"branchMap":{},"s":{"0":1,"1":1,"2":1,"3":0,"4":1},"f":{"0":1,"1":0},"b":{},"_coverageSchema":"1a1c01bbd47fc00a2c39e90264f33305004495a9","hash":"27bb225c65d2283557add45fb9b0dad402d496de"}
}
