TN:
SF:database/db.js
FN:130,(anonymous_0)
FN:133,(anonymous_1)
FN:136,(anonymous_2)
FN:139,(anonymous_3)
FN:142,(anonymous_4)
FN:145,(anonymous_5)
FN:156,(anonymous_6)
FN:162,(anonymous_7)
FN:172,(anonymous_8)
FN:178,(anonymous_9)
FN:188,(anonymous_10)
FN:194,(anonymous_11)
FN:204,(anonymous_12)
FN:210,(anonymous_13)
FN:219,(anonymous_14)
FN:221,(anonymous_15)
FN:231,(anonymous_16)
FN:233,(anonymous_17)
FN:243,(anonymous_18)
FN:245,(anonymous_19)
FN:255,(anonymous_20)
FN:257,(anonymous_21)
FN:267,(anonymous_22)
FN:269,(anonymous_23)
FN:277,(anonymous_24)
FN:280,(anonymous_25)
FNF:26
FNH:6
FNDA:0,(anonymous_0)
FNDA:0,(anonymous_1)
FNDA:0,(anonymous_2)
FNDA:0,(anonymous_3)
FNDA:0,(anonymous_4)
FNDA:0,(anonymous_5)
FNDA:1,(anonymous_6)
FNDA:0,(anonymous_7)
FNDA:2,(anonymous_8)
FNDA:0,(anonymous_9)
FNDA:1,(anonymous_10)
FNDA:0,(anonymous_11)
FNDA:2,(anonymous_12)
FNDA:0,(anonymous_13)
FNDA:1,(anonymous_14)
FNDA:0,(anonymous_15)
FNDA:0,(anonymous_16)
FNDA:0,(anonymous_17)
FNDA:0,(anonymous_18)
FNDA:0,(anonymous_19)
FNDA:0,(anonymous_20)
FNDA:0,(anonymous_21)
FNDA:0,(anonymous_22)
FNDA:0,(anonymous_23)
FNDA:1,(anonymous_24)
FNDA:0,(anonymous_25)
DA:1,1
DA:4,1
DA:13,1
DA:30,1
DA:65,1
DA:101,1
DA:122,1
DA:123,1
DA:124,1
DA:130,1
DA:132,0
DA:134,0
DA:137,0
DA:140,0
DA:143,0
DA:146,0
DA:156,1
DA:157,1
DA:163,0
DA:172,1
DA:173,2
DA:179,0
DA:180,0
DA:188,1
DA:189,1
DA:195,0
DA:196,0
DA:204,1
DA:205,2
DA:211,0
DA:212,0
DA:219,1
DA:220,1
DA:222,0
DA:231,1
DA:232,0
DA:234,0
DA:235,0
DA:243,1
DA:244,0
DA:246,0
DA:247,0
DA:255,1
DA:256,0
DA:258,0
DA:259,0
DA:267,1
DA:268,0
DA:270,0
DA:271,0
DA:276,1
DA:278,1
DA:281,0
DA:286,1
LF:54
LH:27
BRF:0
BRH:0
end_of_record
TN:
SF:server/example.js
FN:2,(anonymous_0)
FNF:1
FNH:1
FNDA:1,(anonymous_0)
DA:2,1
DA:3,1
DA:6,1
LF:3
LH:3
BRF:0
BRH:0
end_of_record
TN:
SF:server/model.js
FN:13,(anonymous_0)
FN:20,(anonymous_1)
FN:28,(anonymous_2)
FNF:3
FNH:2
FNDA:1,(anonymous_0)
FNDA:1,(anonymous_1)
FNDA:0,(anonymous_2)
DA:6,1
DA:13,1
DA:14,1
DA:15,1
DA:16,1
DA:17,1
DA:18,1
DA:19,1
DA:21,1
DA:22,1
DA:23,1
DA:24,1
DA:25,1
DA:26,1
DA:29,0
DA:30,0
DA:34,1
LF:17
LH:15
BRF:0
BRH:0
end_of_record
