TN:
SF:dbAuth.js
FNF:0
FNH:0
DA:1,1
DA:2,1
LF:2
LH:2
BRF:0
BRH:0
end_of_record
TN:
SF:database/db.js
FN:68,(anonymous_0)
FN:70,(anonymous_1)
FN:73,(anonymous_2)
FN:76,(anonymous_3)
FN:87,(anonymous_4)
FN:93,(anonymous_5)
FN:100,(anonymous_6)
FN:102,(anonymous_7)
FN:112,(anonymous_8)
FN:114,(anonymous_9)
FN:124,(anonymous_10)
FN:126,(anonymous_11)
FN:135,(anonymous_12)
FN:138,(anonymous_13)
FNF:14
FNH:3
FNDA:0,(anonymous_0)
FNDA:0,(anonymous_1)
FNDA:0,(anonymous_2)
FNDA:0,(anonymous_3)
FNDA:2,(anonymous_4)
FNDA:0,(anonymous_5)
FNDA:1,(anonymous_6)
FNDA:0,(anonymous_7)
FNDA:0,(anonymous_8)
FNDA:0,(anonymous_9)
FNDA:0,(anonymous_10)
FNDA:0,(anonymous_11)
FNDA:1,(anonymous_12)
FNDA:0,(anonymous_13)
DA:1,1
DA:2,1
DA:4,1
DA:13,1
DA:30,1
DA:61,1
DA:68,1
DA:69,0
DA:71,0
DA:74,0
DA:77,0
DA:87,1
DA:88,2
DA:94,0
DA:95,0
DA:100,1
DA:101,1
DA:103,0
DA:112,1
DA:113,0
DA:115,0
DA:116,0
DA:124,1
DA:125,0
DA:127,0
DA:128,0
DA:134,1
DA:136,1
DA:139,0
DA:144,1
LF:30
LH:16
BRF:0
BRH:0
end_of_record
TN:
SF:server/example.js
FN:2,(anonymous_0)
FNF:1
FNH:1
FNDA:1,(anonymous_0)
DA:2,1
DA:3,1
DA:6,1
LF:3
LH:3
BRF:0
BRH:0
end_of_record
TN:
SF:server/model.js
FN:8,(anonymous_0)
FN:10,(anonymous_1)
FNF:2
FNH:1
FNDA:1,(anonymous_0)
FNDA:0,(anonymous_1)
DA:1,1
DA:8,1
DA:9,1
DA:11,0
DA:16,1
LF:5
LH:4
BRF:0
BRH:0
end_of_record
